[2024-04-12T12:13:14.780+0800][0.015s] CardTable entry size: 512
[2024-04-12T12:13:14.781+0800][0.015s] Using G1
[2024-04-12T12:13:14.919+0800][0.153s] Version: 22+36-2370 (release)
[2024-04-12T12:13:14.919+0800][0.153s] CPUs: 12 total, 12 available
[2024-04-12T12:13:14.919+0800][0.153s] Memory: 15786M
[2024-04-12T12:13:14.919+0800][0.153s] Large Page Support: Disabled
[2024-04-12T12:13:14.919+0800][0.153s] NUMA Support: Disabled
[2024-04-12T12:13:14.919+0800][0.153s] Compressed Oops: Enabled (32-bit)
[2024-04-12T12:13:14.919+0800][0.154s] Heap Region Size: 1M
[2024-04-12T12:13:14.919+0800][0.154s] Heap Min Capacity: 512M
[2024-04-12T12:13:14.919+0800][0.154s] Heap Initial Capacity: 512M
[2024-04-12T12:13:14.919+0800][0.154s] Heap Max Capacity: 512M
[2024-04-12T12:13:14.919+0800][0.154s] Pre-touch: Enabled
[2024-04-12T12:13:14.919+0800][0.154s] Parallel Workers: 10
[2024-04-12T12:13:14.919+0800][0.154s] Concurrent Workers: 3
[2024-04-12T12:13:14.919+0800][0.154s] Concurrent Refinement Workers: 10
[2024-04-12T12:13:14.919+0800][0.154s] Periodic GC: Disabled
[2024-04-12T12:13:14.929+0800][0.163s] CDS archive(s) mapped at: [0x00000223a1000000-0x00000223a1c60000-0x00000223a1c60000), size 12976128, SharedBaseAddress: 0x00000223a1000000, ArchiveRelocationMode: 1.
[2024-04-12T12:13:14.929+0800][0.163s] Compressed class space mapped at: 0x00000223a2000000-0x00000223e2000000, reserved size: 1073741824
[2024-04-12T12:13:14.929+0800][0.163s] Narrow klass base: 0x00000223a1000000, Narrow klass shift: 0, Narrow klass range: 0x41000000
[2024-04-12T12:13:15.643+0800][0.877s] GC(0) Pause Young (Normal) (G1 Evacuation Pause)
[2024-04-12T12:13:15.643+0800][0.878s] GC(0) Using 10 workers of 10 for evacuation
[2024-04-12T12:13:15.646+0800][0.880s] GC(0)   Pre Evacuate Collection Set: 0.12ms
[2024-04-12T12:13:15.646+0800][0.880s] GC(0)   Merge Heap Roots: 0.05ms
[2024-04-12T12:13:15.646+0800][0.880s] GC(0)   Evacuate Collection Set: 1.97ms
[2024-04-12T12:13:15.646+0800][0.880s] GC(0)   Post Evacuate Collection Set: 0.58ms
[2024-04-12T12:13:15.646+0800][0.880s] GC(0)   Other: 0.57ms
[2024-04-12T12:13:15.646+0800][0.881s] GC(0) Eden regions: 30->0(45)
[2024-04-12T12:13:15.646+0800][0.881s] GC(0) Survivor regions: 0->4(4)
[2024-04-12T12:13:15.646+0800][0.881s] GC(0) Old regions: 0->0
[2024-04-12T12:13:15.646+0800][0.881s] GC(0) Humongous regions: 0->0
[2024-04-12T12:13:15.646+0800][0.881s] GC(0) Metaspace: 6290K(6528K)->6290K(6528K) NonClass: 5567K(5696K)->5567K(5696K) Class: 722K(832K)->722K(832K)
[2024-04-12T12:13:15.646+0800][0.881s] GC(0) Pause Young (Normal) (G1 Evacuation Pause) 30M->3M(512M) 3.610ms
[2024-04-12T12:13:15.646+0800][0.881s] GC(0) User=0.00s Sys=0.00s Real=0.00s
[2024-04-12T12:13:16.459+0800][1.694s] GC(1) Pause Young (Normal) (G1 Evacuation Pause)
[2024-04-12T12:13:16.460+0800][1.694s] GC(1) Using 10 workers of 10 for evacuation
[2024-04-12T12:13:16.467+0800][1.701s] GC(1)   Pre Evacuate Collection Set: 0.11ms
[2024-04-12T12:13:16.467+0800][1.701s] GC(1)   Merge Heap Roots: 0.06ms
[2024-04-12T12:13:16.467+0800][1.701s] GC(1)   Evacuate Collection Set: 6.08ms
[2024-04-12T12:13:16.467+0800][1.701s] GC(1)   Post Evacuate Collection Set: 0.62ms
[2024-04-12T12:13:16.467+0800][1.701s] GC(1)   Other: 0.11ms
[2024-04-12T12:13:16.467+0800][1.701s] GC(1) Eden regions: 45->0(242)
[2024-04-12T12:13:16.467+0800][1.701s] GC(1) Survivor regions: 4->7(7)
[2024-04-12T12:13:16.467+0800][1.701s] GC(1) Old regions: 0->8
[2024-04-12T12:13:16.467+0800][1.701s] GC(1) Humongous regions: 4->4
[2024-04-12T12:13:16.467+0800][1.701s] GC(1) Metaspace: 17955K(18368K)->17955K(18368K) NonClass: 15867K(16064K)->15867K(16064K) Class: 2088K(2304K)->2088K(2304K)
[2024-04-12T12:13:16.467+0800][1.701s] GC(1) Pause Young (Normal) (G1 Evacuation Pause) 52M->18M(512M) 7.239ms
[2024-04-12T12:13:16.467+0800][1.701s] GC(1) User=0.02s Sys=0.00s Real=0.01s
[2024-04-12T12:13:17.236+0800][2.471s] GC(2) Pause Young (Normal) (G1 Evacuation Pause)
[2024-04-12T12:13:17.236+0800][2.471s] GC(2) Using 10 workers of 10 for evacuation
[2024-04-12T12:13:17.240+0800][2.475s] GC(2)   Pre Evacuate Collection Set: 0.14ms
[2024-04-12T12:13:17.240+0800][2.475s] GC(2)   Merge Heap Roots: 0.09ms
[2024-04-12T12:13:17.240+0800][2.475s] GC(2)   Evacuate Collection Set: 3.18ms
[2024-04-12T12:13:17.240+0800][2.475s] GC(2)   Post Evacuate Collection Set: 0.67ms
[2024-04-12T12:13:17.240+0800][2.475s] GC(2)   Other: 0.23ms
[2024-04-12T12:13:17.240+0800][2.475s] GC(2) Eden regions: 242->0(294)
[2024-04-12T12:13:17.240+0800][2.475s] GC(2) Survivor regions: 7->13(32)
[2024-04-12T12:13:17.240+0800][2.475s] GC(2) Old regions: 8->8
[2024-04-12T12:13:17.240+0800][2.475s] GC(2) Humongous regions: 4->4
[2024-04-12T12:13:17.240+0800][2.475s] GC(2) Metaspace: 19295K(19712K)->19295K(19712K) NonClass: 17047K(17280K)->17047K(17280K) Class: 2248K(2432K)->2248K(2432K)
[2024-04-12T12:13:17.240+0800][2.475s] GC(2) Pause Young (Normal) (G1 Evacuation Pause) 260M->23M(512M) 4.559ms
[2024-04-12T12:13:17.240+0800][2.475s] GC(2) User=0.00s Sys=0.00s Real=0.00s
[2024-04-12T12:13:17.386+0800][2.621s] GC(3) Pause Young (Concurrent Start) (Metadata GC Threshold)
[2024-04-12T12:13:17.386+0800][2.622s] GC(3) Using 10 workers of 10 for evacuation
[2024-04-12T12:13:17.391+0800][2.626s] GC(3)   Pre Evacuate Collection Set: 0.15ms
[2024-04-12T12:13:17.391+0800][2.626s] GC(3)   Merge Heap Roots: 0.06ms
[2024-04-12T12:13:17.391+0800][2.626s] GC(3)   Evacuate Collection Set: 3.24ms
[2024-04-12T12:13:17.391+0800][2.626s] GC(3)   Post Evacuate Collection Set: 0.65ms
[2024-04-12T12:13:17.391+0800][2.626s] GC(3)   Other: 0.11ms
[2024-04-12T12:13:17.391+0800][2.626s] GC(3) Eden regions: 12->0(294)
[2024-04-12T12:13:17.391+0800][2.626s] GC(3) Survivor regions: 13->13(39)
[2024-04-12T12:13:17.391+0800][2.626s] GC(3) Old regions: 8->8
[2024-04-12T12:13:17.391+0800][2.626s] GC(3) Humongous regions: 4->4
[2024-04-12T12:13:17.391+0800][2.626s] GC(3) Metaspace: 21031K(21504K)->21031K(21504K) NonClass: 18596K(18816K)->18596K(18816K) Class: 2434K(2688K)->2434K(2688K)
[2024-04-12T12:13:17.391+0800][2.626s] GC(3) Pause Young (Concurrent Start) (Metadata GC Threshold) 35M->24M(512M) 4.471ms
[2024-04-12T12:13:17.391+0800][2.626s] GC(3) User=0.00s Sys=0.00s Real=0.01s
[2024-04-12T12:13:17.391+0800][2.626s] GC(4) Concurrent Mark Cycle
[2024-04-12T12:13:17.391+0800][2.626s] GC(4) Concurrent Scan Root Regions
[2024-04-12T12:13:17.393+0800][2.628s] GC(4) Concurrent Scan Root Regions 1.843ms
[2024-04-12T12:13:17.393+0800][2.628s] GC(4) Concurrent Mark
[2024-04-12T12:13:17.393+0800][2.628s] GC(4) Concurrent Mark From Roots
[2024-04-12T12:13:17.393+0800][2.628s] GC(4) Using 3 workers of 3 for marking
[2024-04-12T12:13:17.398+0800][2.633s] GC(4) Concurrent Mark From Roots 4.497ms
[2024-04-12T12:13:17.398+0800][2.633s] GC(4) Concurrent Preclean
[2024-04-12T12:13:17.398+0800][2.633s] GC(4) Concurrent Preclean 0.074ms
[2024-04-12T12:13:17.398+0800][2.633s] GC(4) Pause Remark
[2024-04-12T12:13:17.400+0800][2.635s] GC(4) Pause Remark 25M->25M(512M) 2.044ms
[2024-04-12T12:13:17.400+0800][2.635s] GC(4) User=0.00s Sys=0.00s Real=0.00s
[2024-04-12T12:13:17.400+0800][2.635s] GC(4) Concurrent Mark 6.872ms
[2024-04-12T12:13:17.400+0800][2.635s] GC(4) Concurrent Rebuild Remembered Sets and Scrub Regions
[2024-04-12T12:13:17.403+0800][2.637s] GC(4) Concurrent Rebuild Remembered Sets and Scrub Regions 2.327ms
[2024-04-12T12:13:17.403+0800][2.637s] GC(4) Pause Cleanup
[2024-04-12T12:13:17.403+0800][2.638s] GC(4) Pause Cleanup 26M->26M(512M) 0.148ms
[2024-04-12T12:13:17.403+0800][2.638s] GC(4) User=0.00s Sys=0.00s Real=0.00s
[2024-04-12T12:13:17.403+0800][2.638s] GC(4) Concurrent Clear Claimed Marks
[2024-04-12T12:13:17.403+0800][2.638s] GC(4) Concurrent Clear Claimed Marks 0.061ms
[2024-04-12T12:13:17.403+0800][2.638s] GC(4) Concurrent Cleanup for Next Mark
[2024-04-12T12:13:17.404+0800][2.638s] GC(4) Concurrent Cleanup for Next Mark 0.549ms
[2024-04-12T12:13:17.404+0800][2.638s] GC(4) Concurrent Mark Cycle 12.352ms
[2024-04-12T12:13:18.879+0800][4.113s] GC(5) Pause Young (Prepare Mixed) (Metadata GC Threshold)
[2024-04-12T12:13:18.879+0800][4.114s] GC(5) Using 10 workers of 10 for evacuation
[2024-04-12T12:13:18.886+0800][4.121s] GC(5)   Pre Evacuate Collection Set: 0.17ms
[2024-04-12T12:13:18.886+0800][4.121s] GC(5)   Merge Heap Roots: 0.10ms
[2024-04-12T12:13:18.886+0800][4.121s] GC(5)   Evacuate Collection Set: 5.88ms
[2024-04-12T12:13:18.886+0800][4.121s] GC(5)   Post Evacuate Collection Set: 0.91ms
[2024-04-12T12:13:18.886+0800][4.121s] GC(5)   Other: 0.08ms
[2024-04-12T12:13:18.886+0800][4.121s] GC(5) Eden regions: 137->0(288)
[2024-04-12T12:13:18.886+0800][4.121s] GC(5) Survivor regions: 13->19(39)
[2024-04-12T12:13:18.886+0800][4.121s] GC(5) Old regions: 8->8
[2024-04-12T12:13:18.886+0800][4.121s] GC(5) Humongous regions: 5->4
[2024-04-12T12:13:18.886+0800][4.121s] GC(5) Metaspace: 35472K(35968K)->35472K(35968K) NonClass: 31252K(31488K)->31252K(31488K) Class: 4220K(4480K)->4220K(4480K)
[2024-04-12T12:13:18.886+0800][4.121s] GC(5) Pause Young (Prepare Mixed) (Metadata GC Threshold) 162M->30M(512M) 7.429ms
[2024-04-12T12:13:18.886+0800][4.121s] GC(5) User=0.00s Sys=0.00s Real=0.01s
[2024-04-12T12:13:19.002+0800][4.236s] GC(6) Pause Young (Mixed) (Metadata GC Threshold)
[2024-04-12T12:13:19.002+0800][4.236s] GC(6) Using 10 workers of 10 for evacuation
[2024-04-12T12:13:19.008+0800][4.242s] GC(6)   Pre Evacuate Collection Set: 0.18ms
[2024-04-12T12:13:19.008+0800][4.243s] GC(6)   Merge Heap Roots: 0.08ms
[2024-04-12T12:13:19.008+0800][4.243s] GC(6)   Evacuate Collection Set: 5.17ms
[2024-04-12T12:13:19.008+0800][4.243s] GC(6)   Post Evacuate Collection Set: 0.86ms
[2024-04-12T12:13:19.008+0800][4.243s] GC(6)   Other: 0.07ms
[2024-04-12T12:13:19.008+0800][4.243s] GC(6) Eden regions: 7->0(286)
[2024-04-12T12:13:19.008+0800][4.243s] GC(6) Survivor regions: 19->21(39)
[2024-04-12T12:13:19.008+0800][4.243s] GC(6) Old regions: 8->8
[2024-04-12T12:13:19.008+0800][4.243s] GC(6) Humongous regions: 4->4
[2024-04-12T12:13:19.008+0800][4.243s] GC(6) Metaspace: 35863K(36288K)->35863K(36288K) NonClass: 31588K(31808K)->31588K(31808K) Class: 4274K(4480K)->4274K(4480K)
[2024-04-12T12:13:19.008+0800][4.243s] GC(6) Pause Young (Mixed) (Metadata GC Threshold) 36M->31M(512M) 6.624ms
[2024-04-12T12:13:19.008+0800][4.243s] GC(6) User=0.00s Sys=0.00s Real=0.01s
[2024-04-12T12:13:19.368+0800][4.603s] GC(7) Pause Young (Concurrent Start) (Metadata GC Threshold)
[2024-04-12T12:13:19.369+0800][4.603s] GC(7) Using 10 workers of 10 for evacuation
[2024-04-12T12:13:19.375+0800][4.609s] GC(7)   Pre Evacuate Collection Set: 0.18ms
[2024-04-12T12:13:19.375+0800][4.609s] GC(7)   Merge Heap Roots: 0.10ms
[2024-04-12T12:13:19.375+0800][4.609s] GC(7)   Evacuate Collection Set: 4.77ms
[2024-04-12T12:13:19.375+0800][4.609s] GC(7)   Post Evacuate Collection Set: 0.83ms
[2024-04-12T12:13:19.375+0800][4.609s] GC(7)   Other: 0.13ms
[2024-04-12T12:13:19.375+0800][4.609s] GC(7) Eden regions: 171->0(287)
[2024-04-12T12:13:19.375+0800][4.609s] GC(7) Survivor regions: 21->20(39)
[2024-04-12T12:13:19.375+0800][4.609s] GC(7) Old regions: 8->8
[2024-04-12T12:13:19.375+0800][4.609s] GC(7) Humongous regions: 4->4
[2024-04-12T12:13:19.375+0800][4.609s] GC(7) Metaspace: 36177K(36608K)->36177K(36608K) NonClass: 31858K(32064K)->31858K(32064K) Class: 4318K(4544K)->4318K(4544K)
[2024-04-12T12:13:19.375+0800][4.609s] GC(7) Pause Young (Concurrent Start) (Metadata GC Threshold) 202M->31M(512M) 6.281ms
[2024-04-12T12:13:19.375+0800][4.609s] GC(8) Concurrent Mark Cycle
[2024-04-12T12:13:19.375+0800][4.609s] GC(7) User=0.02s Sys=0.00s Real=0.01s
[2024-04-12T12:13:19.375+0800][4.609s] GC(8) Concurrent Scan Root Regions
[2024-04-12T12:13:19.378+0800][4.612s] GC(8) Concurrent Scan Root Regions 2.882ms
[2024-04-12T12:13:19.378+0800][4.612s] GC(8) Concurrent Mark
[2024-04-12T12:13:19.378+0800][4.612s] GC(8) Concurrent Mark From Roots
[2024-04-12T12:13:19.378+0800][4.612s] GC(8) Using 3 workers of 3 for marking
[2024-04-12T12:13:19.382+0800][4.616s] GC(8) Concurrent Mark From Roots 4.116ms
[2024-04-12T12:13:19.382+0800][4.616s] GC(8) Concurrent Preclean
[2024-04-12T12:13:19.382+0800][4.616s] GC(8) Concurrent Preclean 0.070ms
[2024-04-12T12:13:19.382+0800][4.616s] GC(8) Pause Remark
[2024-04-12T12:13:19.385+0800][4.620s] GC(8) Pause Remark 33M->33M(512M) 3.139ms
[2024-04-12T12:13:19.385+0800][4.620s] GC(8) User=0.00s Sys=0.00s Real=0.00s
[2024-04-12T12:13:19.385+0800][4.620s] GC(8) Concurrent Mark 7.620ms
[2024-04-12T12:13:19.385+0800][4.620s] GC(8) Concurrent Rebuild Remembered Sets and Scrub Regions
[2024-04-12T12:13:19.388+0800][4.623s] GC(8) Concurrent Rebuild Remembered Sets and Scrub Regions 3.047ms
[2024-04-12T12:13:19.388+0800][4.623s] GC(8) Pause Cleanup
[2024-04-12T12:13:19.389+0800][4.623s] GC(8) Pause Cleanup 34M->34M(512M) 0.171ms
[2024-04-12T12:13:19.389+0800][4.623s] GC(8) User=0.00s Sys=0.00s Real=0.00s
[2024-04-12T12:13:19.389+0800][4.623s] GC(8) Concurrent Clear Claimed Marks
[2024-04-12T12:13:19.389+0800][4.623s] GC(8) Concurrent Clear Claimed Marks 0.051ms
[2024-04-12T12:13:19.389+0800][4.623s] GC(8) Concurrent Cleanup for Next Mark
[2024-04-12T12:13:19.389+0800][4.624s] GC(8) Concurrent Cleanup for Next Mark 0.593ms
[2024-04-12T12:13:19.389+0800][4.624s] GC(8) Concurrent Mark Cycle 14.994ms
[2024-04-12T12:14:02.443+0800][47.678s] GC(9) Pause Young (Prepare Mixed) (G1 Evacuation Pause)
[2024-04-12T12:14:02.443+0800][47.678s] GC(9) Using 10 workers of 10 for evacuation
[2024-04-12T12:14:02.455+0800][47.689s] GC(9)   Pre Evacuate Collection Set: 0.12ms
[2024-04-12T12:14:02.455+0800][47.689s] GC(9)   Merge Heap Roots: 0.21ms
[2024-04-12T12:14:02.455+0800][47.689s] GC(9)   Evacuate Collection Set: 9.48ms
[2024-04-12T12:14:02.455+0800][47.689s] GC(9)   Post Evacuate Collection Set: 1.54ms
[2024-04-12T12:14:02.455+0800][47.689s] GC(9)   Other: 0.11ms
[2024-04-12T12:14:02.455+0800][47.689s] GC(9) Eden regions: 287->0(271)
[2024-04-12T12:14:02.455+0800][47.689s] GC(9) Survivor regions: 20->36(39)
[2024-04-12T12:14:02.455+0800][47.689s] GC(9) Old regions: 8->8
[2024-04-12T12:14:02.455+0800][47.689s] GC(9) Humongous regions: 5->4
[2024-04-12T12:14:02.455+0800][47.689s] GC(9) Metaspace: 54522K(55232K)->54522K(55232K) NonClass: 47664K(48064K)->47664K(48064K) Class: 6858K(7168K)->6858K(7168K)
[2024-04-12T12:14:02.455+0800][47.689s] GC(9) Pause Young (Prepare Mixed) (G1 Evacuation Pause) 319M->47M(512M) 11.715ms
[2024-04-12T12:14:02.455+0800][47.689s] GC(9) User=0.02s Sys=0.00s Real=0.01s
[2024-04-12T12:14:04.838+0800][50.073s] GC(10) Pause Young (Mixed) (G1 Evacuation Pause)
[2024-04-12T12:14:04.839+0800][50.073s] GC(10) Using 10 workers of 10 for evacuation
[2024-04-12T12:14:04.852+0800][50.086s] GC(10)   Pre Evacuate Collection Set: 0.13ms
[2024-04-12T12:14:04.852+0800][50.087s] GC(10)   Merge Heap Roots: 0.10ms
[2024-04-12T12:14:04.852+0800][50.087s] GC(10)   Evacuate Collection Set: 11.57ms
[2024-04-12T12:14:04.852+0800][50.087s] GC(10)   Post Evacuate Collection Set: 1.51ms
[2024-04-12T12:14:04.852+0800][50.087s] GC(10)   Other: 0.08ms
[2024-04-12T12:14:04.852+0800][50.087s] GC(10) Eden regions: 271->0(270)
[2024-04-12T12:14:04.852+0800][50.087s] GC(10) Survivor regions: 36->37(39)
[2024-04-12T12:14:04.852+0800][50.087s] GC(10) Old regions: 8->25
[2024-04-12T12:14:04.852+0800][50.087s] GC(10) Humongous regions: 4->4
[2024-04-12T12:14:04.852+0800][50.087s] GC(10) Metaspace: 56367K(57024K)->56367K(57024K) NonClass: 49387K(49728K)->49387K(49728K) Class: 6979K(7296K)->6979K(7296K)
[2024-04-12T12:14:04.852+0800][50.087s] GC(10) Pause Young (Mixed) (G1 Evacuation Pause) 318M->65M(512M) 13.643ms
[2024-04-12T12:14:04.852+0800][50.087s] GC(10) User=0.02s Sys=0.00s Real=0.01s
[2024-04-12T12:14:06.790+0800][52.025s] GC(11) Pause Young (Normal) (G1 Evacuation Pause)
[2024-04-12T12:14:06.790+0800][52.025s] GC(11) Using 10 workers of 10 for evacuation
[2024-04-12T12:14:06.802+0800][52.036s] GC(11)   Pre Evacuate Collection Set: 0.30ms
[2024-04-12T12:14:06.802+0800][52.036s] GC(11)   Merge Heap Roots: 0.14ms
[2024-04-12T12:14:06.802+0800][52.036s] GC(11)   Evacuate Collection Set: 9.77ms
[2024-04-12T12:14:06.802+0800][52.036s] GC(11)   Post Evacuate Collection Set: 0.79ms
[2024-04-12T12:14:06.802+0800][52.036s] GC(11)   Other: 0.12ms
[2024-04-12T12:14:06.802+0800][52.036s] GC(11) Eden regions: 270->0(271)
[2024-04-12T12:14:06.802+0800][52.036s] GC(11) Survivor regions: 37->36(39)
[2024-04-12T12:14:06.802+0800][52.036s] GC(11) Old regions: 25->42
[2024-04-12T12:14:06.802+0800][52.036s] GC(11) Humongous regions: 5->5
[2024-04-12T12:14:06.802+0800][52.036s] GC(11) Metaspace: 56529K(57216K)->56529K(57216K) NonClass: 49540K(49920K)->49540K(49920K) Class: 6988K(7296K)->6988K(7296K)
[2024-04-12T12:14:06.802+0800][52.036s] GC(11) Pause Young (Normal) (G1 Evacuation Pause) 336M->82M(512M) 11.426ms
[2024-04-12T12:14:06.802+0800][52.036s] GC(11) User=0.02s Sys=0.00s Real=0.01s
[2024-04-12T12:14:09.540+0800][54.774s] GC(12) Pause Young (Normal) (G1 Evacuation Pause)
[2024-04-12T12:14:09.540+0800][54.775s] GC(12) Using 10 workers of 10 for evacuation
[2024-04-12T12:14:09.549+0800][54.784s] GC(12)   Pre Evacuate Collection Set: 0.18ms
[2024-04-12T12:14:09.549+0800][54.784s] GC(12)   Merge Heap Roots: 0.11ms
[2024-04-12T12:14:09.549+0800][54.784s] GC(12)   Evacuate Collection Set: 8.34ms
[2024-04-12T12:14:09.549+0800][54.784s] GC(12)   Post Evacuate Collection Set: 0.63ms
[2024-04-12T12:14:09.549+0800][54.784s] GC(12)   Other: 0.09ms
[2024-04-12T12:14:09.549+0800][54.784s] GC(12) Eden regions: 271->0(285)
[2024-04-12T12:14:09.549+0800][54.784s] GC(12) Survivor regions: 36->22(39)
[2024-04-12T12:14:09.549+0800][54.784s] GC(12) Old regions: 42->67
[2024-04-12T12:14:09.550+0800][54.784s] GC(12) Humongous regions: 9->9
[2024-04-12T12:14:09.550+0800][54.784s] GC(12) Metaspace: 57379K(58048K)->57379K(58048K) NonClass: 50314K(50688K)->50314K(50688K) Class: 7064K(7360K)->7064K(7360K)
[2024-04-12T12:14:09.550+0800][54.784s] GC(12) Pause Young (Normal) (G1 Evacuation Pause) 357M->97M(512M) 9.622ms
[2024-04-12T12:14:09.550+0800][54.784s] GC(12) User=0.00s Sys=0.00s Real=0.01s
[2024-04-12T12:14:10.486+0800][55.721s] GC(13) Pause Young (Normal) (G1 Evacuation Pause)
[2024-04-12T12:14:10.486+0800][55.721s] GC(13) Using 10 workers of 10 for evacuation
[2024-04-12T12:14:10.490+0800][55.725s] GC(13)   Pre Evacuate Collection Set: 0.15ms
[2024-04-12T12:14:10.490+0800][55.725s] GC(13)   Merge Heap Roots: 0.18ms
[2024-04-12T12:14:10.490+0800][55.725s] GC(13)   Evacuate Collection Set: 2.86ms
[2024-04-12T12:14:10.490+0800][55.725s] GC(13)   Post Evacuate Collection Set: 0.49ms
[2024-04-12T12:14:10.490+0800][55.725s] GC(13)   Other: 0.08ms
[2024-04-12T12:14:10.490+0800][55.725s] GC(13) Eden regions: 285->0(286)
[2024-04-12T12:14:10.490+0800][55.725s] GC(13) Survivor regions: 22->21(39)
[2024-04-12T12:14:10.490+0800][55.725s] GC(13) Old regions: 67->67
[2024-04-12T12:14:10.490+0800][55.725s] GC(13) Humongous regions: 9->9
[2024-04-12T12:14:10.490+0800][55.725s] GC(13) Metaspace: 57755K(58432K)->57755K(58432K) NonClass: 50666K(51072K)->50666K(51072K) Class: 7088K(7360K)->7088K(7360K)
[2024-04-12T12:14:10.490+0800][55.725s] GC(13) Pause Young (Normal) (G1 Evacuation Pause) 382M->96M(512M) 3.995ms
[2024-04-12T12:14:10.490+0800][55.725s] GC(13) User=0.00s Sys=0.00s Real=0.00s
